INFO:werkzeug:[31m[1mWARNING: This is a development server. Do not use it in a production deployment. Use a production WSGI server instead.[0m
 * Running on all addresses (0.0.0.0)
 * Running on http://127.0.0.1:5000
 * Running on http://192.168.1.6:5000
INFO:werkzeug:[33mPress CTRL+C to quit[0m
INFO:werkzeug:[31m[1mWARNING: This is a development server. Do not use it in a production deployment. Use a production WSGI server instead.[0m
 * Running on all addresses (0.0.0.0)
 * Running on http://127.0.0.1:5000
 * Running on http://192.168.1.6:5000
INFO:werkzeug:[33mPress CTRL+C to quit[0m
INFO:werkzeug:127.0.0.1 - - [28/Jun/2024 17:00:55] "GET / HTTP/1.1" 200 -
INFO:werkzeug:127.0.0.1 - - [28/Jun/2024 17:00:55] "GET /static/css/style.css HTTP/1.1" 200 -
INFO:werkzeug:127.0.0.1 - - [28/Jun/2024 17:00:55] "[36mGET /static/css/main.css HTTP/1.1[0m" 304 -
INFO:root:list index out of range
INFO:werkzeug:127.0.0.1 - - [28/Jun/2024 17:01:00] "POST /review HTTP/1.1" 200 -
INFO:werkzeug:[31m[1mWARNING: This is a development server. Do not use it in a production deployment. Use a production WSGI server instead.[0m
 * Running on all addresses (0.0.0.0)
 * Running on http://127.0.0.1:5000
 * Running on http://192.168.1.6:5000
INFO:werkzeug:[33mPress CTRL+C to quit[0m
INFO:werkzeug:127.0.0.1 - - [28/Jun/2024 17:03:01] "GET / HTTP/1.1" 200 -
INFO:werkzeug:127.0.0.1 - - [28/Jun/2024 17:03:01] "[36mGET /static/css/style.css HTTP/1.1[0m" 304 -
INFO:werkzeug:127.0.0.1 - - [28/Jun/2024 17:03:01] "[36mGET /static/css/main.css HTTP/1.1[0m" 304 -
INFO:root:list index out of range
ERROR:application:Exception on /review [POST]
Traceback (most recent call last):
  File "d:\Deployement In AWS\review_scrap_pwskills-hindi\application.py", line 27, in index
    box = bigboxes[0]
          ~~~~~~~~^^^
IndexError: list index out of range

During handling of the above exception, another exception occurred:

Traceback (most recent call last):
  File "C:\Users\anura\AppData\Local\Programs\Python\Python312\Lib\site-packages\flask\app.py", line 1463, in wsgi_app
    response = self.full_dispatch_request()
               ^^^^^^^^^^^^^^^^^^^^^^^^^^^^
  File "C:\Users\anura\AppData\Local\Programs\Python\Python312\Lib\site-packages\flask\app.py", line 872, in full_dispatch_request
    rv = self.handle_user_exception(e)
         ^^^^^^^^^^^^^^^^^^^^^^^^^^^^^
  File "C:\Users\anura\AppData\Local\Programs\Python\Python312\Lib\site-packages\flask\app.py", line 870, in full_dispatch_request
    rv = self.dispatch_request()
         ^^^^^^^^^^^^^^^^^^^^^^^
  File "C:\Users\anura\AppData\Local\Programs\Python\Python312\Lib\site-packages\flask\app.py", line 855, in dispatch_request
    return self.ensure_sync(self.view_functions[rule.endpoint])(**view_args)  # type: ignore[no-any-return]
           ^^^^^^^^^^^^^^^^^^^^^^^^^^^^^^^^^^^^^^^^^^^^^^^^^^^^^^^^^^^^^^^^^
  File "d:\Deployement In AWS\review_scrap_pwskills-hindi\application.py", line 79, in index
    return render_template(mydict)
                           ^^^^^^
UnboundLocalError: cannot access local variable 'mydict' where it is not associated with a value
INFO:werkzeug:127.0.0.1 - - [28/Jun/2024 17:03:06] "[35m[1mPOST /review HTTP/1.1[0m" 500 -
INFO:werkzeug:[31m[1mWARNING: This is a development server. Do not use it in a production deployment. Use a production WSGI server instead.[0m
 * Running on all addresses (0.0.0.0)
 * Running on http://127.0.0.1:5000
 * Running on http://192.168.1.6:5000
INFO:werkzeug:[33mPress CTRL+C to quit[0m
INFO:werkzeug:127.0.0.1 - - [28/Jun/2024 17:05:21] "GET / HTTP/1.1" 200 -
INFO:werkzeug:127.0.0.1 - - [28/Jun/2024 17:05:21] "[36mGET /static/css/main.css HTTP/1.1[0m" 304 -
INFO:werkzeug:127.0.0.1 - - [28/Jun/2024 17:05:21] "[36mGET /static/css/style.css HTTP/1.1[0m" 304 -
INFO:root:list index out of range
INFO:werkzeug:127.0.0.1 - - [28/Jun/2024 17:05:26] "POST /review HTTP/1.1" 200 -
INFO:werkzeug:127.0.0.1 - - [28/Jun/2024 17:05:26] "[33mGET /style.css HTTP/1.1[0m" 404 -
INFO:werkzeug:127.0.0.1 - - [28/Jun/2024 17:05:26] "[36mGET /static/css/style.css HTTP/1.1[0m" 304 -
INFO:werkzeug:127.0.0.1 - - [28/Jun/2024 17:12:12] "GET / HTTP/1.1" 200 -
INFO:werkzeug:127.0.0.1 - - [28/Jun/2024 17:12:13] "[36mGET /static/css/style.css HTTP/1.1[0m" 304 -
INFO:werkzeug:127.0.0.1 - - [28/Jun/2024 17:12:13] "[36mGET /static/css/main.css HTTP/1.1[0m" 304 -
INFO:root:HTTP Error 429: Too Many Requests
INFO:werkzeug:127.0.0.1 - - [28/Jun/2024 17:12:17] "POST /review HTTP/1.1" 200 -
INFO:werkzeug:127.0.0.1 - - [28/Jun/2024 17:12:17] "[33mGET /style.css HTTP/1.1[0m" 404 -
INFO:werkzeug:127.0.0.1 - - [28/Jun/2024 17:12:17] "[36mGET /static/css/style.css HTTP/1.1[0m" 304 -
